<?xml version="1.0" encoding="UTF-8"?>
<!-- Generated by org.testng.reporters.JUnitXMLReporter -->
<testsuite ignored="0" hostname="DESKTOP-QVM6J4J" failures="1" tests="1" name="Test_Edge" time="18.426" errors="0" timestamp="2022-07-30T07:55:18 IST">
  <testcase classname="com.Test.Test_1" name="verifyTc_001" time="10.297">
    <failure type="java.lang.AssertionError" message="expected [true] but found [false]">
      <![CDATA[java.lang.AssertionError: expected [true] but found [false]
at com.Test.Test_1.verifyTc_001(Test_1.java:19)
at java.base/java.util.ArrayList.forEach(ArrayList.java:1540)
... Removed 31 stack frames]]>
    </failure>
  </testcase> <!-- verifyTc_001 -->
</testsuite> <!-- Test_Edge -->
